   0.000 2025-08-24 03:36:28; Factorio 2.0.7 (build 79385, win64, steam)
   0.000 Operating system: Windows 11 (build 26100) 
   0.000 Initializing Steam API.
   0.000 Program arguments: "D:\Games\Factorio\bin\x64\factorio.exe" 
   0.000 Config path: C:/Users/brand/AppData/Roaming/Factorio/config/config.ini
   0.000 Read data path: D:/Games/Factorio/data
   0.000 Write data path: C:/Users/brand/AppData/Roaming/Factorio [239058/953084MB]
   0.000 Binaries path: D:/Games/Factorio/bin
   0.035 System info: [CPU: AMD Ryzen 9 7900X 12-Core Processor, 24 cores, RAM: 8876/64672 MB, page: 9665/68768 MB, virtual: 4287/134217727 MB, extended virtual: 0 MB]
   0.047 Memory info:
   0.047  [0]: Unknown F5-6400J3239G32G 32768 MB 4800 MHz 1.1 v
   0.047  [1]: Unknown F5-6400J3239G32G 32768 MB 4800 MHz 1.1 v
   0.067 Display options: [FullScreen: true] [VSync: true] [UIScale: automatic (100.0%)] [Native DPI: true] [Screen: 255] [Special: lmw] [Lang: en]
   0.384 Video driver: windows
   0.384 Available displays: 2
   0.384  [0]: \\.\DISPLAY1 - NVIDIA GeForce RTX 4070 Ti {0x05, [0,0], 2560x1440, 32bit, 165Hz}
   0.384  [1]: \\.\DISPLAY2 - NVIDIA GeForce RTX 4070 Ti {0x01, [2560,0], 2560x1440, 32bit, 59Hz}
   0.421 [Direct3D11] Display: 0, Output: 0, DisplayAdapter: 0, RenderingAdapter: 0; d3dcompiler_47.dll
   0.803 Initialised Direct3D[0]: NVIDIA GeForce RTX 4070 Ti; id: 10de-2782; driver: nvldumdx.dll 32.0.15.8088
   0.803   D3D Feature Level: 11.1, DXGI 1.5+, SwapChain: 3,flip-discard,-,-,-,none
   0.803   [Local Video Memory] Budget: 11228MB, CurrentUsage: 6MB, Reservation: 0/5742MB
   0.803   [Non-Local Vid.Mem.] Budget: 31568MB, CurrentUsage: 0MB, Reservation: 0/15912MB
   0.803   Tiled resources: Tier 2
   0.803   Unified Memory Architecture: No
   0.803   BGR 565 Supported: Yes
   0.803   MaximumFrameLatency: 3, GPUThreadPriority: 0
   0.804 Graphics settings preset: very-high
   0.804   Dedicated video memory size 11996 MB
   0.913 Desktop composition is active.
   0.913 Graphics options: [Graphics quality: high] [Video memory usage: all] [DXT: high-quality]
   0.913                   [Max threads (load/render): 32/8] [Max texture size: 0] [Tex.Stream.: false] [Rotation quality: normal] [Other: STDCWT] [B:0,C:0,S:100]
   0.953 [Audio] Driver:wasapi, Device:Default device, Depth:16, Channels:2, Frequency:44100
   1.176 Info ModManager.cpp:434: FeatureFlag expansion-shaders = true
   1.176 Info ModManager.cpp:434: FeatureFlag freezing = true
   1.176 Info ModManager.cpp:434: FeatureFlag quality = true
   1.176 Info ModManager.cpp:434: FeatureFlag rail-bridges = true
   1.176 Info ModManager.cpp:434: FeatureFlag segmented-units = true
   1.176 Info ModManager.cpp:434: FeatureFlag space-travel = true
   1.176 Info ModManager.cpp:434: FeatureFlag spoiling = true
   1.198 Loading mod core 0.0.0 (data.lua)
   1.333 Loading mod base 2.0.7 (data.lua)
   2.942 Loading mod elevated-rails 2.0.7 (data.lua)
   3.147 Loading mod quality 2.0.7 (data.lua)
   3.267 Loading mod space-age 2.0.7 (data.lua)
   6.468 Loading mod base 2.0.7 (data-updates.lua)
   6.483 Loading mod quality 2.0.7 (data-updates.lua)
   6.506 Loading mod space-age 2.0.7 (data-updates.lua)
   6.628 Checksum for core: 649243273
   6.628 Checksum of base: 2653731351
   6.628 Checksum of elevated-rails: 1891730324
   6.628 Checksum of quality: 3715527832
   6.628 Checksum of space-age: 3499025889
   6.898 Prototype list checksum: 984080119
   6.942 Loading sounds...
  15.084 Info PlayerData.cpp:68: Local player-data.json unavailable
  15.084 Info PlayerData.cpp:71: Cloud player-data.json available, timestamp 1755995515
  15.335 Initial atlas bitmap size is 16384
  15.348 Created an atlas bitmap (size 16384x16384) [none]
  15.360 Created an atlas bitmap (size 16384x16380) [none]
  15.376 Created an atlas bitmap (size 16384x16384) [none]
  15.377 Created an atlas bitmap (size 16384x15444) [none]
  15.377 Created an atlas bitmap (size 16384x8392) [decal]
  15.381 Created an atlas bitmap (size 16384x16384) [low-object]
  15.381 Created an atlas bitmap (size 4096x1472) [low-object]
  15.382 Created an atlas bitmap (size 16384x13440) [corpse-decay]
  15.382 Created an atlas bitmap (size 16384x5596) [none]
  15.382 Created an atlas bitmap (size 1676x79) [not-compressed]
  15.383 Created an atlas bitmap (size 8192x6096) [mipmap, linear-minification, linear-magnification, linear-mip-level]
  15.387 Created an atlas bitmap (size 16384x16320) [terrain, mipmap, linear-minification, linear-mip-level]
  15.387 Created an atlas bitmap (size 16384x4832) [terrain, mipmap, linear-minification, linear-mip-level]
  15.387 Created an atlas bitmap (size 8192x3872) [terrain-effect-map, mipmap, linear-minification, linear-mip-level]
  15.387 Created an atlas bitmap (size 4096x3104) [smoke, mipmap, linear-minification, linear-magnification]
  15.388 Created an atlas bitmap (size 8192x2576) [mipmap]
  15.388 Created an atlas bitmap (size 2048x1520) [mipmap]
  15.388 Created an atlas bitmap (size 4096x3152) [mipmap]
  15.388 Created an atlas bitmap (size 4096x3152) [mipmap]
  15.388 Created an atlas bitmap (size 4096x3152) [mipmap]
  15.389 Created an atlas bitmap (size 8192x3792) [icon, not-compressed, mipmap, linear-minification, linear-magnification, linear-mip-level]
  15.390 Created an atlas bitmap (size 16384x6120) [alpha-mask]
  15.404 Created an atlas bitmap (size 16384x16380) [shadow, linear-magnification, alpha-mask]
  15.409 Created an atlas bitmap (size 16384x16368) [shadow, linear-magnification, alpha-mask]
  15.409 Created an atlas bitmap (size 16384x8364) [shadow, linear-magnification, alpha-mask]
  15.409 Created an atlas bitmap (size 8192x2352) [shadow, mipmap, linear-magnification, alpha-mask]
  15.409 Created an atlas bitmap (size 2048x496) [icon-background, not-compressed, mipmap, linear-minification, linear-magnification, linear-mip-level, ]
  15.409 Loading 3D bitmaps.
  15.504 Texture processor created (2048). GPU accelerated compression Supported: yes, Enabled: yes/yes. Test passed. YCoCgDXT PSNR: 35.83, BC3 PSNR: 33.82
  15.508 Parallel sprite loader initialized (threads: 23, bitmaps: 8227)
  26.276 Sprites loaded
  26.310 Generated mipmaps (4) for atlas [5] of size 16384x16384   
  26.321 Generated mipmaps (4) for atlas [6] of size 4096x1472   
  26.333 Generated mipmaps (3) for atlas [10] of size 8192x6096   
  26.355 Generated mipmaps (3) for atlas [11] of size 16384x16320   
  26.366 Generated mipmaps (3) for atlas [12] of size 16384x4832   
  26.376 Generated mipmaps (3) for atlas [13] of size 8192x3872   
  26.388 Generated mipmaps (3) for atlas [14] of size 4096x3104   
  26.424 Generated mipmaps (3) for atlas [15] of size 8192x2576   
  26.435 Generated mipmaps (3) for atlas [16] of size 2048x1520   
  26.445 Generated mipmaps (3) for atlas [17] of size 4096x3152   
  26.469 Generated mipmaps (3) for atlas [18] of size 4096x3152   
  26.481 Generated mipmaps (3) for atlas [19] of size 4096x3152   
  26.491 Generated mipmaps (5) for atlas [20] of size 8192x3792   
  26.502 Generated mipmaps (3) for atlas [25] of size 8192x2352   
  26.524 Custom mipmaps uploaded (3203)
  26.745 Factorio initialised
  26.747 Steam Storage Quota: 64/64
  31.171 Loading map C:\Users\brand\AppData\Roaming\Factorio\saves\yumi-world.zip: 13783319 bytes.
  31.210 Loading level.dat: 29585002 bytes.
  31.213 Info Scenario.cpp:178: Map version 2.0.7-0
  31.542 Loading blueprint storage: Local timestamp -1, Cloud timestamp 1741957759
  31.546 Loading script.dat: 1222 bytes.
  31.551 Checksum for script __level__/control.lua: 2463946943
  79.875 Loading map C:\Users\brand\AppData\Roaming\Factorio\saves\yumi-world.zip: 13783319 bytes.
  79.908 Loading level.dat: 29585002 bytes.
  79.911 Info Scenario.cpp:178: Map version 2.0.7-0
  80.225 Loading blueprint storage: Local timestamp -1, Cloud timestamp 1741957759
  80.225 Loading script.dat: 1222 bytes.
  80.230 Checksum for script __level__/control.lua: 2463946943
 104.461 Loading map C:\Users\brand\AppData\Roaming\Factorio\saves\yumi-world.zip: 13783319 bytes.
 104.492 Loading level.dat: 29585002 bytes.
 104.494 Info Scenario.cpp:178: Map version 2.0.7-0
 104.798 Loading blueprint storage: Local timestamp -1, Cloud timestamp 1741957759
 104.799 Loading script.dat: 1222 bytes.
 104.803 Checksum for script __level__/control.lua: 2463946943
 317.905 Info AppManager.cpp:310: Saving to _autosave2 (blocking).
 318.113 Info AppManagerStates.cpp:2045: Saving finished
 495.573 Info AppManagerStates.cpp:2045: Saving finished
 520.807 Loading map C:\Users\brand\AppData\Roaming\Factorio\saves\yumi-world.zip: 13870209 bytes.
 520.839 Loading level.dat: 29915718 bytes.
 520.842 Info Scenario.cpp:178: Map version 2.0.7-0
 521.149 Loading blueprint storage: Local timestamp -1, Cloud timestamp 1741957759
 521.149 Loading script.dat: 1222 bytes.
 521.154 Checksum for script __level__/control.lua: 2463946943
 611.292 Info AppManagerStates.cpp:2045: Saving finished
 627.580 Loading map C:\Users\brand\AppData\Roaming\Factorio\saves\yumi-world.zip: 14196550 bytes.
 627.613 Loading level.dat: 29988176 bytes.
 627.616 Info Scenario.cpp:178: Map version 2.0.7-0
 627.924 Loading blueprint storage: Local timestamp -1, Cloud timestamp 1741957759
 627.925 Loading script.dat: 1222 bytes.
 627.930 Checksum for script __level__/control.lua: 2463946943
 663.572 Info AppManager.cpp:310: Saving to _autosave3 (blocking).
 663.786 Info AppManagerStates.cpp:2045: Saving finished
 686.737 Info AppManagerStates.cpp:2045: Saving finished
 767.642 Info AppManagerStates.cpp:2045: Saving finished
 844.344 Info AppManagerStates.cpp:2045: Saving finished
 851.122 Info AppManagerStates.cpp:2045: Saving finished
 970.838 Info AppManager.cpp:310: Saving to _autosave1 (blocking).
 971.046 Info AppManagerStates.cpp:2045: Saving finished
1027.024 Info AppManagerStates.cpp:2045: Saving finished
1049.602 Info AppManagerStates.cpp:2045: Saving finished
1179.877 Info AppManagerStates.cpp:2045: Saving finished
1184.888 Info AppManagerStates.cpp:2045: Saving finished
1229.797 Loading map C:\Users\brand\AppData\Roaming\Factorio\saves\yumi-world.zip: 14627946 bytes.
1229.834 Loading level.dat: 30892853 bytes.
1229.837 Info Scenario.cpp:178: Map version 2.0.7-0
1230.153 Loading blueprint storage: Local timestamp -1, Cloud timestamp 1741957759
1230.154 Loading script.dat: 1222 bytes.
1230.158 Checksum for script __level__/control.lua: 2463946943
1323.206 Info AppManager.cpp:310: Saving to _autosave2 (blocking).
1323.425 Info AppManagerStates.cpp:2045: Saving finished
1691.689 Info AppManager.cpp:310: Saving to _autosave3 (blocking).
1691.906 Info AppManagerStates.cpp:2045: Saving finished
2021.671 Info AppManager.cpp:310: Saving to _autosave1 (blocking).
2021.887 Info AppManagerStates.cpp:2045: Saving finished
2321.871 Info AppManager.cpp:310: Saving to _autosave2 (blocking).
2322.086 Info AppManagerStates.cpp:2045: Saving finished
2622.071 Info AppManager.cpp:310: Saving to _autosave3 (blocking).
2622.286 Info AppManagerStates.cpp:2045: Saving finished
2947.139 Info AppManager.cpp:310: Saving to _autosave1 (blocking).
2947.355 Info AppManagerStates.cpp:2045: Saving finished
3247.355 Info AppManager.cpp:310: Saving to _autosave2 (blocking).
3247.567 Info AppManagerStates.cpp:2045: Saving finished
3547.555 Info AppManager.cpp:310: Saving to _autosave3 (blocking).
3547.772 Info AppManagerStates.cpp:2045: Saving finished
3848.039 Info AppManager.cpp:310: Saving to _autosave1 (blocking).
3848.251 Info AppManagerStates.cpp:2045: Saving finished
4187.871 Info AppManager.cpp:310: Saving to _autosave2 (blocking).
4188.087 Info AppManagerStates.cpp:2045: Saving finished
4193.979 Info AppManagerStates.cpp:2045: Saving finished
4489.689 Info AppManager.cpp:310: Saving to _autosave3 (blocking).
4489.904 Info AppManagerStates.cpp:2045: Saving finished
4789.889 Info AppManager.cpp:310: Saving to _autosave1 (blocking).
4790.111 Info AppManagerStates.cpp:2045: Saving finished
5090.439 Info AppManager.cpp:310: Saving to _autosave2 (blocking).
5090.657 Info AppManagerStates.cpp:2045: Saving finished
5359.207 Info AppManagerStates.cpp:2045: Saving finished
5392.539 Info AppManager.cpp:310: Saving to _autosave3 (blocking).
5392.760 Info AppManagerStates.cpp:2045: Saving finished
5483.598 Info AppManagerStates.cpp:2045: Saving finished
5488.406 Info AppManagerStates.cpp:2045: Saving finished
5558.271 Loading map C:\Users\brand\AppData\Roaming\Factorio\saves\yumi-world.zip: 14807755 bytes.
5558.312 Loading level.dat: 31467003 bytes.
5558.315 Info Scenario.cpp:178: Map version 2.0.7-0
5558.639 Loading blueprint storage: Local timestamp -1, Cloud timestamp 1741957759
5558.639 Loading script.dat: 1222 bytes.
5558.644 Checksum for script __level__/control.lua: 2463946943
5647.355 Info AppManagerStates.cpp:2045: Saving finished
5731.367 Info AppManagerStates.cpp:2045: Saving finished
5770.139 Info AppManager.cpp:310: Saving to _autosave1 (blocking).
5770.358 Info AppManagerStates.cpp:2045: Saving finished
5809.524 Loading map C:\Users\brand\AppData\Roaming\Factorio\saves\yumi-world.zip: 14929592 bytes.
5809.556 Loading level.dat: 31627295 bytes.
5809.559 Info Scenario.cpp:178: Map version 2.0.7-0
5809.875 Loading blueprint storage: Local timestamp -1, Cloud timestamp 1741957759
5809.876 Loading script.dat: 1222 bytes.
5809.880 Checksum for script __level__/control.lua: 2463946943
5848.505 Info AppManager.cpp:310: Saving to _autosave1 (blocking).
5848.720 Info AppManagerStates.cpp:2045: Saving finished
5856.395 Info AppManagerStates.cpp:2045: Saving finished
5895.971 Loading map C:\Users\brand\AppData\Roaming\Factorio\saves\yumi-world.zip: 14866367 bytes.
5896.004 Loading level.dat: 31649175 bytes.
5896.007 Info Scenario.cpp:178: Map version 2.0.7-0
5896.331 Loading blueprint storage: Local timestamp -1, Cloud timestamp 1741957759
5896.331 Loading script.dat: 1222 bytes.
5896.336 Checksum for script __level__/control.lua: 2463946943
6063.332 Loading map C:\Users\brand\AppData\Roaming\Factorio\saves\yumi-world.zip: 14866367 bytes.
6063.369 Loading level.dat: 31649175 bytes.
6063.372 Info Scenario.cpp:178: Map version 2.0.7-0
6063.696 Loading blueprint storage: Local timestamp -1, Cloud timestamp 1741957759
6063.697 Loading script.dat: 1222 bytes.
6063.702 Checksum for script __level__/control.lua: 2463946943
6269.987 Loading map C:\Users\brand\AppData\Roaming\Factorio\saves\yumi-world.zip: 14866367 bytes.
6270.019 Loading level.dat: 31649175 bytes.
6270.026 Info Scenario.cpp:178: Map version 2.0.7-0
6270.346 Loading blueprint storage: Local timestamp -1, Cloud timestamp 1741957759
6270.347 Loading script.dat: 1222 bytes.
6270.352 Checksum for script __level__/control.lua: 2463946943
6399.606 Info AppManagerStates.cpp:2045: Saving finished
6415.216 Info AppManagerStates.cpp:2045: Saving finished
6418.379 Quitting: user-quit.
6418.651 Steam API shutdown.
6418.652 Goodbye
